E, [2015-12-05T00:50:52.354641 #17254] ERROR -- Kitchen: ------Exception-------
E, [2015-12-05T00:50:52.354755 #17254] ERROR -- Kitchen: Class: Kitchen::UserError
E, [2015-12-05T00:50:52.354784 #17254] ERROR -- Kitchen: Message: Kitchen YAML file /Users/KD/kuldeeparyadotcom/chef-repo/.kitchen.yml does not exist.
E, [2015-12-05T00:50:52.354824 #17254] ERROR -- Kitchen: ------Backtrace-------
E, [2015-12-05T00:50:52.354838 #17254] ERROR -- Kitchen: /opt/chefdk/embedded/lib/ruby/gems/2.1.0/gems/test-kitchen-1.4.2/lib/kitchen/loader/yaml.rb:74:in `read'
E, [2015-12-05T00:50:52.354852 #17254] ERROR -- Kitchen: /opt/chefdk/embedded/lib/ruby/gems/2.1.0/gems/test-kitchen-1.4.2/lib/kitchen/config.rb:145:in `data'
E, [2015-12-05T00:50:52.354865 #17254] ERROR -- Kitchen: /opt/chefdk/embedded/lib/ruby/gems/2.1.0/gems/test-kitchen-1.4.2/lib/kitchen/config.rb:124:in `suites'
E, [2015-12-05T00:50:52.354878 #17254] ERROR -- Kitchen: /opt/chefdk/embedded/lib/ruby/gems/2.1.0/gems/test-kitchen-1.4.2/lib/kitchen/config.rb:175:in `filter_instances'
E, [2015-12-05T00:50:52.354891 #17254] ERROR -- Kitchen: /opt/chefdk/embedded/lib/ruby/gems/2.1.0/gems/test-kitchen-1.4.2/lib/kitchen/config.rb:134:in `build_instances'
E, [2015-12-05T00:50:52.354904 #17254] ERROR -- Kitchen: /opt/chefdk/embedded/lib/ruby/gems/2.1.0/gems/test-kitchen-1.4.2/lib/kitchen/config.rb:110:in `instances'
E, [2015-12-05T00:50:52.354917 #17254] ERROR -- Kitchen: /opt/chefdk/embedded/lib/ruby/gems/2.1.0/gems/test-kitchen-1.4.2/lib/kitchen/command.rb:115:in `filtered_instances'
E, [2015-12-05T00:50:52.354930 #17254] ERROR -- Kitchen: /opt/chefdk/embedded/lib/ruby/gems/2.1.0/gems/test-kitchen-1.4.2/lib/kitchen/command.rb:145:in `parse_subcommand'
E, [2015-12-05T00:50:52.354943 #17254] ERROR -- Kitchen: /opt/chefdk/embedded/lib/ruby/gems/2.1.0/gems/test-kitchen-1.4.2/lib/kitchen/command/list.rb:32:in `call'
E, [2015-12-05T00:50:52.354959 #17254] ERROR -- Kitchen: /opt/chefdk/embedded/lib/ruby/gems/2.1.0/gems/test-kitchen-1.4.2/lib/kitchen/cli.rb:56:in `perform'
E, [2015-12-05T00:50:52.354973 #17254] ERROR -- Kitchen: /opt/chefdk/embedded/lib/ruby/gems/2.1.0/gems/test-kitchen-1.4.2/lib/kitchen/cli.rb:108:in `list'
E, [2015-12-05T00:50:52.354985 #17254] ERROR -- Kitchen: /opt/chefdk/embedded/lib/ruby/gems/2.1.0/gems/thor-0.19.1/lib/thor/command.rb:27:in `run'
E, [2015-12-05T00:50:52.354999 #17254] ERROR -- Kitchen: /opt/chefdk/embedded/lib/ruby/gems/2.1.0/gems/thor-0.19.1/lib/thor/invocation.rb:126:in `invoke_command'
E, [2015-12-05T00:50:52.355012 #17254] ERROR -- Kitchen: /opt/chefdk/embedded/lib/ruby/gems/2.1.0/gems/test-kitchen-1.4.2/lib/kitchen/cli.rb:308:in `invoke_task'
E, [2015-12-05T00:50:52.355055 #17254] ERROR -- Kitchen: /opt/chefdk/embedded/lib/ruby/gems/2.1.0/gems/thor-0.19.1/lib/thor.rb:359:in `dispatch'
E, [2015-12-05T00:50:52.355069 #17254] ERROR -- Kitchen: /opt/chefdk/embedded/lib/ruby/gems/2.1.0/gems/thor-0.19.1/lib/thor/base.rb:440:in `start'
E, [2015-12-05T00:50:52.355082 #17254] ERROR -- Kitchen: /opt/chefdk/embedded/lib/ruby/gems/2.1.0/gems/test-kitchen-1.4.2/bin/kitchen:13:in `block in <top (required)>'
E, [2015-12-05T00:50:52.355095 #17254] ERROR -- Kitchen: /opt/chefdk/embedded/lib/ruby/gems/2.1.0/gems/test-kitchen-1.4.2/lib/kitchen/errors.rb:154:in `with_friendly_errors'
E, [2015-12-05T00:50:52.355108 #17254] ERROR -- Kitchen: /opt/chefdk/embedded/lib/ruby/gems/2.1.0/gems/test-kitchen-1.4.2/bin/kitchen:13:in `<top (required)>'
E, [2015-12-05T00:50:52.355121 #17254] ERROR -- Kitchen: /usr/local/bin/kitchen:14:in `load'
E, [2015-12-05T00:50:52.355134 #17254] ERROR -- Kitchen: /usr/local/bin/kitchen:14:in `<main>'
E, [2015-12-05T00:50:52.355146 #17254] ERROR -- Kitchen: ----------------------
